<?xml version="1.0" encoding="UTF-8"?>
<!-- Generated by org.testng.reporters.JUnitXMLReporter -->
<testsuite ignored="0" hostname="Nazomhenrypc" failures="0" tests="4" name="Testing" time="27.046" errors="0" timestamp="2024-03-29T22:41:12 GMT">
  <testcase classname="testcase.TC_03LoginDDT" name="verify_loginDDT" time="3.816"/>
  <testcase classname="testcase.TC_03LoginDDT" name="verify_loginDDT" time="1.045"/>
  <testcase classname="testcase.TC_03LoginDDT" name="verify_loginDDT" time="1.169"/>
  <testcase classname="testcase.TC_03LoginDDT" name="verify_loginDDT" time="1.044"/>
</testsuite> <!-- Testing -->
